<?xml version="1.0" encoding="UTF-8"?>
<testsuite xmlns:xsi="http://www.w3.org/2001/XMLSchema-instance" xsi:noNamespaceSchemaLocation="https://maven.apache.org/surefire/maven-surefire-plugin/xsd/surefire-test-report-3.0.xsd" version="3.0" name="hellocucumber.UnitTests" time="0.298" tests="24" errors="0" skipped="0" failures="0">
  <properties>
    <property name="java.specification.version" value="17"/>
    <property name="sun.cpu.isalist" value="amd64"/>
    <property name="sun.jnu.encoding" value="Cp1252"/>
    <property name="java.class.path" value="D:\save\EPSI\katapotter\kata_potter\target\test-classes;D:\save\EPSI\katapotter\kata_potter\target\classes;C:\Users\cheru\.m2\repository\org\junit\jupiter\junit-jupiter\5.8.2\junit-jupiter-5.8.2.jar;C:\Users\cheru\.m2\repository\org\junit\jupiter\junit-jupiter-api\5.8.2\junit-jupiter-api-5.8.2.jar;C:\Users\cheru\.m2\repository\org\opentest4j\opentest4j\1.2.0\opentest4j-1.2.0.jar;C:\Users\cheru\.m2\repository\org\junit\jupiter\junit-jupiter-params\5.8.2\junit-jupiter-params-5.8.2.jar;C:\Users\cheru\.m2\repository\org\junit\jupiter\junit-jupiter-engine\5.8.2\junit-jupiter-engine-5.8.2.jar;C:\Users\cheru\.m2\repository\io\cucumber\cucumber-java\7.2.3\cucumber-java-7.2.3.jar;C:\Users\cheru\.m2\repository\io\cucumber\cucumber-core\7.2.3\cucumber-core-7.2.3.jar;C:\Users\cheru\.m2\repository\io\cucumber\cucumber-gherkin\7.2.3\cucumber-gherkin-7.2.3.jar;C:\Users\cheru\.m2\repository\io\cucumber\cucumber-gherkin-messages\7.2.3\cucumber-gherkin-messages-7.2.3.jar;C:\Users\cheru\.m2\repository\io\cucumber\messages\17.1.1\messages-17.1.1.jar;C:\Users\cheru\.m2\repository\io\cucumber\tag-expressions\4.1.0\tag-expressions-4.1.0.jar;C:\Users\cheru\.m2\repository\io\cucumber\cucumber-expressions\15.0.1\cucumber-expressions-15.0.1.jar;C:\Users\cheru\.m2\repository\io\cucumber\datatable\7.2.3\datatable-7.2.3.jar;C:\Users\cheru\.m2\repository\io\cucumber\cucumber-plugin\7.2.3\cucumber-plugin-7.2.3.jar;C:\Users\cheru\.m2\repository\io\cucumber\docstring\7.2.3\docstring-7.2.3.jar;C:\Users\cheru\.m2\repository\io\cucumber\html-formatter\17.0.0\html-formatter-17.0.0.jar;C:\Users\cheru\.m2\repository\io\cucumber\ci-environment\8.1.0\ci-environment-8.1.0.jar;C:\Users\cheru\.m2\repository\org\apiguardian\apiguardian-api\1.1.2\apiguardian-api-1.1.2.jar;C:\Users\cheru\.m2\repository\io\cucumber\cucumber-junit-platform-engine\7.2.3\cucumber-junit-platform-engine-7.2.3.jar;C:\Users\cheru\.m2\repository\org\junit\platform\junit-platform-engine\1.8.2\junit-platform-engine-1.8.2.jar;C:\Users\cheru\.m2\repository\net\sourceforge\pmd\pmd-core\6.42.0\pmd-core-6.42.0.jar;C:\Users\cheru\.m2\repository\org\antlr\antlr4-runtime\4.7.2\antlr4-runtime-4.7.2.jar;C:\Users\cheru\.m2\repository\com\beust\jcommander\1.48\jcommander-1.48.jar;C:\Users\cheru\.m2\repository\commons-io\commons-io\2.6\commons-io-2.6.jar;C:\Users\cheru\.m2\repository\net\sourceforge\saxon\saxon\9.1.0.8\saxon-9.1.0.8.jar;C:\Users\cheru\.m2\repository\org\apache\commons\commons-lang3\3.8.1\commons-lang3-3.8.1.jar;C:\Users\cheru\.m2\repository\org\ow2\asm\asm\9.2\asm-9.2.jar;C:\Users\cheru\.m2\repository\com\google\code\gson\gson\2.8.9\gson-2.8.9.jar;C:\Users\cheru\.m2\repository\net\sourceforge\saxon\saxon\9.1.0.8\saxon-9.1.0.8-dom.jar;C:\Users\cheru\.m2\repository\net\sourceforge\pmd\pmd-java\6.42.0\pmd-java-6.42.0.jar;C:\Users\cheru\.m2\repository\org\junit\platform\junit-platform-suite-api\1.8.1\junit-platform-suite-api-1.8.1.jar;C:\Users\cheru\.m2\repository\org\junit\platform\junit-platform-commons\1.8.1\junit-platform-commons-1.8.1.jar;C:\Users\cheru\.m2\repository\net\sourceforge\pmd\pmd-jsp\6.42.0\pmd-jsp-6.42.0.jar;C:\Users\cheru\.m2\repository\net\sourceforge\pmd\pmd-javascript\6.42.0\pmd-javascript-6.42.0.jar;C:\Users\cheru\.m2\repository\org\mozilla\rhino\1.7.14\rhino-1.7.14.jar;C:\Users\cheru\.m2\repository\org\jacoco\org.jacoco.report\0.8.7\org.jacoco.report-0.8.7.jar;C:\Users\cheru\.m2\repository\org\jacoco\org.jacoco.core\0.8.7\org.jacoco.core-0.8.7.jar;C:\Users\cheru\.m2\repository\org\ow2\asm\asm-commons\9.1\asm-commons-9.1.jar;C:\Users\cheru\.m2\repository\org\ow2\asm\asm-analysis\9.1\asm-analysis-9.1.jar;C:\Users\cheru\.m2\repository\org\ow2\asm\asm-tree\9.1\asm-tree-9.1.jar;C:\Users\cheru\.m2\repository\org\jacoco\jacoco-maven-plugin\0.8.7\jacoco-maven-plugin-0.8.7.jar;C:\Users\cheru\.m2\repository\org\apache\maven\maven-plugin-api\3.0\maven-plugin-api-3.0.jar;C:\Users\cheru\.m2\repository\org\apache\maven\maven-model\3.0\maven-model-3.0.jar;C:\Users\cheru\.m2\repository\org\apache\maven\maven-artifact\3.0\maven-artifact-3.0.jar;C:\Users\cheru\.m2\repository\org\sonatype\sisu\sisu-inject-plexus\1.4.2\sisu-inject-plexus-1.4.2.jar;C:\Users\cheru\.m2\repository\org\sonatype\sisu\sisu-inject-bean\1.4.2\sisu-inject-bean-1.4.2.jar;C:\Users\cheru\.m2\repository\org\sonatype\sisu\sisu-guice\2.1.7\sisu-guice-2.1.7-noaop.jar;C:\Users\cheru\.m2\repository\org\apache\maven\maven-core\3.0\maven-core-3.0.jar;C:\Users\cheru\.m2\repository\org\apache\maven\maven-settings\3.0\maven-settings-3.0.jar;C:\Users\cheru\.m2\repository\org\apache\maven\maven-settings-builder\3.0\maven-settings-builder-3.0.jar;C:\Users\cheru\.m2\repository\org\apache\maven\maven-repository-metadata\3.0\maven-repository-metadata-3.0.jar;C:\Users\cheru\.m2\repository\org\apache\maven\maven-model-builder\3.0\maven-model-builder-3.0.jar;C:\Users\cheru\.m2\repository\org\apache\maven\maven-aether-provider\3.0\maven-aether-provider-3.0.jar;C:\Users\cheru\.m2\repository\org\sonatype\aether\aether-impl\1.7\aether-impl-1.7.jar;C:\Users\cheru\.m2\repository\org\sonatype\aether\aether-spi\1.7\aether-spi-1.7.jar;C:\Users\cheru\.m2\repository\org\sonatype\aether\aether-api\1.7\aether-api-1.7.jar;C:\Users\cheru\.m2\repository\org\sonatype\aether\aether-util\1.7\aether-util-1.7.jar;C:\Users\cheru\.m2\repository\org\codehaus\plexus\plexus-interpolation\1.14\plexus-interpolation-1.14.jar;C:\Users\cheru\.m2\repository\org\codehaus\plexus\plexus-classworlds\2.2.3\plexus-classworlds-2.2.3.jar;C:\Users\cheru\.m2\repository\org\codehaus\plexus\plexus-component-annotations\1.5.5\plexus-component-annotations-1.5.5.jar;C:\Users\cheru\.m2\repository\org\sonatype\plexus\plexus-sec-dispatcher\1.3\plexus-sec-dispatcher-1.3.jar;C:\Users\cheru\.m2\repository\org\sonatype\plexus\plexus-cipher\1.4\plexus-cipher-1.4.jar;C:\Users\cheru\.m2\repository\org\codehaus\plexus\plexus-utils\3.0.22\plexus-utils-3.0.22.jar;C:\Users\cheru\.m2\repository\org\apache\maven\shared\file-management\1.2.1\file-management-1.2.1.jar;C:\Users\cheru\.m2\repository\org\apache\maven\shared\maven-shared-io\1.1\maven-shared-io-1.1.jar;C:\Users\cheru\.m2\repository\org\apache\maven\maven-artifact-manager\2.0.2\maven-artifact-manager-2.0.2.jar;C:\Users\cheru\.m2\repository\org\apache\maven\wagon\wagon-provider-api\1.0-alpha-6\wagon-provider-api-1.0-alpha-6.jar;C:\Users\cheru\.m2\repository\org\codehaus\plexus\plexus-container-default\1.0-alpha-9\plexus-container-default-1.0-alpha-9.jar;C:\Users\cheru\.m2\repository\junit\junit\3.8.1\junit-3.8.1.jar;C:\Users\cheru\.m2\repository\classworlds\classworlds\1.1-alpha-2\classworlds-1.1-alpha-2.jar;C:\Users\cheru\.m2\repository\org\apache\maven\reporting\maven-reporting-api\3.0\maven-reporting-api-3.0.jar;C:\Users\cheru\.m2\repository\org\apache\maven\doxia\doxia-sink-api\1.0\doxia-sink-api-1.0.jar;C:\Users\cheru\.m2\repository\org\jacoco\org.jacoco.agent\0.8.7\org.jacoco.agent-0.8.7-runtime.jar;"/>
    <property name="java.vm.vendor" value="Oracle Corporation"/>
    <property name="sun.arch.data.model" value="64"/>
    <property name="user.variant" value=""/>
    <property name="java.vendor.url" value="https://java.oracle.com/"/>
    <property name="user.timezone" value="Europe/Paris"/>
    <property name="os.name" value="Windows 10"/>
    <property name="java.vm.specification.version" value="17"/>
    <property name="sun.java.launcher" value="SUN_STANDARD"/>
    <property name="user.country" value="FR"/>
    <property name="sun.boot.library.path" value="C:\Program Files\Java\jdk-17.0.1\bin"/>
    <property name="sun.java.command" value="C:\Users\cheru\AppData\Local\Temp\surefire6228877346434370615\surefirebooter17319133073928805926.jar C:\Users\cheru\AppData\Local\Temp\surefire6228877346434370615 2022-02-13T18-04-25_852-jvmRun1 surefire9826101942185927180tmp surefire_015425912891313132917tmp"/>
    <property name="jdk.debug" value="release"/>
    <property name="surefire.test.class.path" value="D:\save\EPSI\katapotter\kata_potter\target\test-classes;D:\save\EPSI\katapotter\kata_potter\target\classes;C:\Users\cheru\.m2\repository\org\junit\jupiter\junit-jupiter\5.8.2\junit-jupiter-5.8.2.jar;C:\Users\cheru\.m2\repository\org\junit\jupiter\junit-jupiter-api\5.8.2\junit-jupiter-api-5.8.2.jar;C:\Users\cheru\.m2\repository\org\opentest4j\opentest4j\1.2.0\opentest4j-1.2.0.jar;C:\Users\cheru\.m2\repository\org\junit\jupiter\junit-jupiter-params\5.8.2\junit-jupiter-params-5.8.2.jar;C:\Users\cheru\.m2\repository\org\junit\jupiter\junit-jupiter-engine\5.8.2\junit-jupiter-engine-5.8.2.jar;C:\Users\cheru\.m2\repository\io\cucumber\cucumber-java\7.2.3\cucumber-java-7.2.3.jar;C:\Users\cheru\.m2\repository\io\cucumber\cucumber-core\7.2.3\cucumber-core-7.2.3.jar;C:\Users\cheru\.m2\repository\io\cucumber\cucumber-gherkin\7.2.3\cucumber-gherkin-7.2.3.jar;C:\Users\cheru\.m2\repository\io\cucumber\cucumber-gherkin-messages\7.2.3\cucumber-gherkin-messages-7.2.3.jar;C:\Users\cheru\.m2\repository\io\cucumber\messages\17.1.1\messages-17.1.1.jar;C:\Users\cheru\.m2\repository\io\cucumber\tag-expressions\4.1.0\tag-expressions-4.1.0.jar;C:\Users\cheru\.m2\repository\io\cucumber\cucumber-expressions\15.0.1\cucumber-expressions-15.0.1.jar;C:\Users\cheru\.m2\repository\io\cucumber\datatable\7.2.3\datatable-7.2.3.jar;C:\Users\cheru\.m2\repository\io\cucumber\cucumber-plugin\7.2.3\cucumber-plugin-7.2.3.jar;C:\Users\cheru\.m2\repository\io\cucumber\docstring\7.2.3\docstring-7.2.3.jar;C:\Users\cheru\.m2\repository\io\cucumber\html-formatter\17.0.0\html-formatter-17.0.0.jar;C:\Users\cheru\.m2\repository\io\cucumber\ci-environment\8.1.0\ci-environment-8.1.0.jar;C:\Users\cheru\.m2\repository\org\apiguardian\apiguardian-api\1.1.2\apiguardian-api-1.1.2.jar;C:\Users\cheru\.m2\repository\io\cucumber\cucumber-junit-platform-engine\7.2.3\cucumber-junit-platform-engine-7.2.3.jar;C:\Users\cheru\.m2\repository\org\junit\platform\junit-platform-engine\1.8.2\junit-platform-engine-1.8.2.jar;C:\Users\cheru\.m2\repository\net\sourceforge\pmd\pmd-core\6.42.0\pmd-core-6.42.0.jar;C:\Users\cheru\.m2\repository\org\antlr\antlr4-runtime\4.7.2\antlr4-runtime-4.7.2.jar;C:\Users\cheru\.m2\repository\com\beust\jcommander\1.48\jcommander-1.48.jar;C:\Users\cheru\.m2\repository\commons-io\commons-io\2.6\commons-io-2.6.jar;C:\Users\cheru\.m2\repository\net\sourceforge\saxon\saxon\9.1.0.8\saxon-9.1.0.8.jar;C:\Users\cheru\.m2\repository\org\apache\commons\commons-lang3\3.8.1\commons-lang3-3.8.1.jar;C:\Users\cheru\.m2\repository\org\ow2\asm\asm\9.2\asm-9.2.jar;C:\Users\cheru\.m2\repository\com\google\code\gson\gson\2.8.9\gson-2.8.9.jar;C:\Users\cheru\.m2\repository\net\sourceforge\saxon\saxon\9.1.0.8\saxon-9.1.0.8-dom.jar;C:\Users\cheru\.m2\repository\net\sourceforge\pmd\pmd-java\6.42.0\pmd-java-6.42.0.jar;C:\Users\cheru\.m2\repository\org\junit\platform\junit-platform-suite-api\1.8.1\junit-platform-suite-api-1.8.1.jar;C:\Users\cheru\.m2\repository\org\junit\platform\junit-platform-commons\1.8.1\junit-platform-commons-1.8.1.jar;C:\Users\cheru\.m2\repository\net\sourceforge\pmd\pmd-jsp\6.42.0\pmd-jsp-6.42.0.jar;C:\Users\cheru\.m2\repository\net\sourceforge\pmd\pmd-javascript\6.42.0\pmd-javascript-6.42.0.jar;C:\Users\cheru\.m2\repository\org\mozilla\rhino\1.7.14\rhino-1.7.14.jar;C:\Users\cheru\.m2\repository\org\jacoco\org.jacoco.report\0.8.7\org.jacoco.report-0.8.7.jar;C:\Users\cheru\.m2\repository\org\jacoco\org.jacoco.core\0.8.7\org.jacoco.core-0.8.7.jar;C:\Users\cheru\.m2\repository\org\ow2\asm\asm-commons\9.1\asm-commons-9.1.jar;C:\Users\cheru\.m2\repository\org\ow2\asm\asm-analysis\9.1\asm-analysis-9.1.jar;C:\Users\cheru\.m2\repository\org\ow2\asm\asm-tree\9.1\asm-tree-9.1.jar;C:\Users\cheru\.m2\repository\org\jacoco\jacoco-maven-plugin\0.8.7\jacoco-maven-plugin-0.8.7.jar;C:\Users\cheru\.m2\repository\org\apache\maven\maven-plugin-api\3.0\maven-plugin-api-3.0.jar;C:\Users\cheru\.m2\repository\org\apache\maven\maven-model\3.0\maven-model-3.0.jar;C:\Users\cheru\.m2\repository\org\apache\maven\maven-artifact\3.0\maven-artifact-3.0.jar;C:\Users\cheru\.m2\repository\org\sonatype\sisu\sisu-inject-plexus\1.4.2\sisu-inject-plexus-1.4.2.jar;C:\Users\cheru\.m2\repository\org\sonatype\sisu\sisu-inject-bean\1.4.2\sisu-inject-bean-1.4.2.jar;C:\Users\cheru\.m2\repository\org\sonatype\sisu\sisu-guice\2.1.7\sisu-guice-2.1.7-noaop.jar;C:\Users\cheru\.m2\repository\org\apache\maven\maven-core\3.0\maven-core-3.0.jar;C:\Users\cheru\.m2\repository\org\apache\maven\maven-settings\3.0\maven-settings-3.0.jar;C:\Users\cheru\.m2\repository\org\apache\maven\maven-settings-builder\3.0\maven-settings-builder-3.0.jar;C:\Users\cheru\.m2\repository\org\apache\maven\maven-repository-metadata\3.0\maven-repository-metadata-3.0.jar;C:\Users\cheru\.m2\repository\org\apache\maven\maven-model-builder\3.0\maven-model-builder-3.0.jar;C:\Users\cheru\.m2\repository\org\apache\maven\maven-aether-provider\3.0\maven-aether-provider-3.0.jar;C:\Users\cheru\.m2\repository\org\sonatype\aether\aether-impl\1.7\aether-impl-1.7.jar;C:\Users\cheru\.m2\repository\org\sonatype\aether\aether-spi\1.7\aether-spi-1.7.jar;C:\Users\cheru\.m2\repository\org\sonatype\aether\aether-api\1.7\aether-api-1.7.jar;C:\Users\cheru\.m2\repository\org\sonatype\aether\aether-util\1.7\aether-util-1.7.jar;C:\Users\cheru\.m2\repository\org\codehaus\plexus\plexus-interpolation\1.14\plexus-interpolation-1.14.jar;C:\Users\cheru\.m2\repository\org\codehaus\plexus\plexus-classworlds\2.2.3\plexus-classworlds-2.2.3.jar;C:\Users\cheru\.m2\repository\org\codehaus\plexus\plexus-component-annotations\1.5.5\plexus-component-annotations-1.5.5.jar;C:\Users\cheru\.m2\repository\org\sonatype\plexus\plexus-sec-dispatcher\1.3\plexus-sec-dispatcher-1.3.jar;C:\Users\cheru\.m2\repository\org\sonatype\plexus\plexus-cipher\1.4\plexus-cipher-1.4.jar;C:\Users\cheru\.m2\repository\org\codehaus\plexus\plexus-utils\3.0.22\plexus-utils-3.0.22.jar;C:\Users\cheru\.m2\repository\org\apache\maven\shared\file-management\1.2.1\file-management-1.2.1.jar;C:\Users\cheru\.m2\repository\org\apache\maven\shared\maven-shared-io\1.1\maven-shared-io-1.1.jar;C:\Users\cheru\.m2\repository\org\apache\maven\maven-artifact-manager\2.0.2\maven-artifact-manager-2.0.2.jar;C:\Users\cheru\.m2\repository\org\apache\maven\wagon\wagon-provider-api\1.0-alpha-6\wagon-provider-api-1.0-alpha-6.jar;C:\Users\cheru\.m2\repository\org\codehaus\plexus\plexus-container-default\1.0-alpha-9\plexus-container-default-1.0-alpha-9.jar;C:\Users\cheru\.m2\repository\junit\junit\3.8.1\junit-3.8.1.jar;C:\Users\cheru\.m2\repository\classworlds\classworlds\1.1-alpha-2\classworlds-1.1-alpha-2.jar;C:\Users\cheru\.m2\repository\org\apache\maven\reporting\maven-reporting-api\3.0\maven-reporting-api-3.0.jar;C:\Users\cheru\.m2\repository\org\apache\maven\doxia\doxia-sink-api\1.0\doxia-sink-api-1.0.jar;C:\Users\cheru\.m2\repository\org\jacoco\org.jacoco.agent\0.8.7\org.jacoco.agent-0.8.7-runtime.jar;"/>
    <property name="sun.cpu.endian" value="little"/>
    <property name="user.home" value="C:\Users\cheru"/>
    <property name="user.language" value="fr"/>
    <property name="java.specification.vendor" value="Oracle Corporation"/>
    <property name="java.version.date" value="2021-10-19"/>
    <property name="java.home" value="C:\Program Files\Java\jdk-17.0.1"/>
    <property name="file.separator" value="\"/>
    <property name="basedir" value="D:\save\EPSI\katapotter\kata_potter"/>
    <property name="java.vm.compressedOopsMode" value="Zero based"/>
    <property name="line.separator" value="&#10;"/>
    <property name="java.vm.specification.vendor" value="Oracle Corporation"/>
    <property name="java.specification.name" value="Java Platform API Specification"/>
    <property name="surefire.real.class.path" value="C:\Users\cheru\AppData\Local\Temp\surefire6228877346434370615\surefirebooter17319133073928805926.jar"/>
    <property name="user.script" value=""/>
    <property name="sun.management.compiler" value="HotSpot 64-Bit Tiered Compilers"/>
    <property name="java.runtime.version" value="17.0.1+12-LTS-39"/>
    <property name="user.name" value="cheru"/>
    <property name="path.separator" value=";"/>
    <property name="os.version" value="10.0"/>
    <property name="java.runtime.name" value="Java(TM) SE Runtime Environment"/>
    <property name="file.encoding" value="Cp1252"/>
    <property name="java.vm.name" value="Java HotSpot(TM) 64-Bit Server VM"/>
    <property name="localRepository" value="C:\Users\cheru\.m2\repository"/>
    <property name="java.vendor.url.bug" value="https://bugreport.java.com/bugreport/"/>
    <property name="java.io.tmpdir" value="C:\Users\cheru\AppData\Local\Temp\"/>
    <property name="java.version" value="17.0.1"/>
    <property name="user.dir" value="D:\save\EPSI\katapotter\kata_potter"/>
    <property name="os.arch" value="amd64"/>
    <property name="java.vm.specification.name" value="Java Virtual Machine Specification"/>
    <property name="sun.os.patch.level" value=""/>
    <property name="native.encoding" value="Cp1252"/>
    <property name="java.library.path" value="C:\Program Files\Java\jdk-17.0.1\bin;C:\WINDOWS\Sun\Java\bin;C:\WINDOWS\system32;C:\WINDOWS;D:\oracle\programme\app\oracle\product\11.2.0\server\bin;;C:\Python310\Scripts\;C:\Python310\;C:\Program Files\Common Files\Oracle\Java\javapath;C:\Python39\Scripts\;C:\Python39\;D:\app\cheru\virtual\product\12.2.0\dbhome_1\bin;D:\app\quentin\product\12.2.0\dbhome_1\bin;C:\Program Files (x86)\Common Files\Oracle\Java\javapath;C:\Program Files\Java\jdk1.8.0_241\bin;C:\Program Files (x86)\Intel\Intel(R) Management Engine Components\iCLS\;C:\Program Files\Intel\Intel(R) Management Engine Components\iCLS\;C:\Windows\system32;C:\Windows;C:\Windows\System32\Wbem;C:\Windows\System32\WindowsPowerShell\v1.0\;C:\Windows\System32\OpenSSH\;C:\Program Files (x86)\NVIDIA Corporation\PhysX\Common;C:\Program Files\Intel\WiFi\bin\;C:\Program Files\Common Files\Intel\WirelessCommon\;C:\Program Files (x86)\Intel\Intel(R) Management Engine Components\DAL;C:\Program Files\Intel\Intel(R) Management Engine Components\DAL;C:\Program Files (x86)\Intel\Intel(R) Management Engine Components\IPT;C:\Program Files\Intel\Intel(R) Management Engine Components\IPT;C:\Program Files\NVIDIA Corporation\NVIDIA NvDLISR;C:\WINDOWS\system32;C:\WINDOWS;C:\WINDOWS\System32\Wbem;C:\WINDOWS\System32\WindowsPowerShell\v1.0\;C:\WINDOWS\System32\OpenSSH\;C:\Program Files\Microsoft\Web Platform Installer\;C:\composer;C:\Program Files\PuTTY\;C:\ProgramData\chocolatey\bin;C:\Program Files\Git\cmd;C:\Program Files\Symfony;;C:\Program Files\Microsoft SQL Server\150\Tools\Binn\;C:\Program Files\Docker\Docker\resources\bin;C:\ProgramData\DockerDesktop\version-bin;C:\Program Files\nodejs\;C:\Users\cheru\scoop\shims;C:\Users\cheru\AppData\Local\Programs\Python\Launcher\;C:\Users\cheru\AppData\Local\Microsoft\WindowsApps;C:\Users\cheru\AppData\Roaming\Dashlane\6.1935.0.22811\bin\Firefox_Extension\{442718d9-475e-452a-b3e1-fb1ee16b8e9f}\components;C:\Users\cheru\AppData\Roaming\Dashlane\6.1935.0.22811\ucrt;C:\Users\cheru\AppData\Roaming\Dashlane\6.1935.0.22811\bin\Qt;C:\Users\cheru\AppData\Roaming\Dashlane\6.1935.0.22811\bin\Ssl;C:\Program Files\Java\jdk1.8.0_241\bin;C:\Users\cheru\AppData\Roaming\Composer\vendor\bin;D:\wamp64\bin\php\php7.2.4;C:\Users\cheru\AppData\Local\Programs\Microsoft VS Code\bin;D:\wamp64\bin\php\php7.4.9;C:\Program Files\nodejs;C:\Program Files\Android\Android Studio;C:\Gradle\gradle-7.0\bin;C:\Program Files\heroku\bin;C:\Program Files\Git\bin;C:\Program Files\Git\cmd;C:\Users\cheru\mongodb;C:\Microsoft\google-cloud-sdk;C:\Users\cheru\AppData\Local\GitHubDesktop\bin;C:\Program Files\JetBrains\IntelliJ IDEA 2021.2.3\bin;C:\Users\cheru\.dotnet\tools;D:\maven\apache-maven-3.8.4\bin;C:\Users\cheru\AppData\Roaming\npm;."/>
    <property name="java.vm.info" value="mixed mode, sharing"/>
    <property name="java.vendor" value="Oracle Corporation"/>
    <property name="java.vm.version" value="17.0.1+12-LTS-39"/>
    <property name="sun.io.unicode.encoding" value="UnicodeLittle"/>
    <property name="java.class.version" value="61.0"/>
  </properties>
  <testcase name="numberOfBooksShouldBeOne" classname="hellocucumber.UnitTests" time="0.128"/>
  <testcase name="addOneVolumeShouldBeTrue" classname="hellocucumber.UnitTests" time="0.004"/>
  <testcase name="addTwoSetsOfVolumesShouldBeTrue" classname="hellocucumber.UnitTests" time="0.002"/>
  <testcase name="twoBooksShouldGetFivePercentDiscount" classname="hellocucumber.UnitTests" time="0.008"/>
  <testcase name="oneBookShouldGetNoDiscount" classname="hellocucumber.UnitTests" time="0.001"/>
  <testcase name="threeBooksShouldGetTenPercentDiscount" classname="hellocucumber.UnitTests" time="0.002"/>
  <testcase name="priceOfBookSetsShouldBe51EurosAnd60Cents" classname="hellocucumber.UnitTests" time="0.002"/>
  <testcase name="priceShouldBeThirty" classname="hellocucumber.UnitTests" time="0.018"/>
  <testcase name="fourBooksShouldGetTwentyPercentDiscount" classname="hellocucumber.UnitTests" time="0.001"/>
  <testcase name="negativeAmountOfBooksShouldThrowException" classname="hellocucumber.UnitTests" time="0.007"/>
  <testcase name="addOneVolumeToFullCartShouldBeFalse" classname="hellocucumber.UnitTests" time="0.004"/>
  <testcase name="noBooksShouldGetNoDiscount" classname="hellocucumber.UnitTests" time="0.002"/>
  <testcase name="addTwoSetsOfVolumesToFullCartShouldBeFalse" classname="hellocucumber.UnitTests" time="0.001"/>
  <testcase name="priceOfBookSetsShouldBeEight" classname="hellocucumber.UnitTests" time="0.001"/>
  <testcase name="priceOfBookSetsShouldBe51EurosAnd20Cents" classname="hellocucumber.UnitTests" time="0.004"/>
  <testcase name="setShouldBeFive" classname="hellocucumber.UnitTests" time="0.001"/>
  <testcase name="setShouldBeFour" classname="hellocucumber.UnitTests" time="0.001"/>
  <testcase name="numberOfBooksShouldBeTwelve" classname="hellocucumber.UnitTests" time="0.001"/>
  <testcase name="setShouldBeThree" classname="hellocucumber.UnitTests" time="0.002"/>
  <testcase name="fiveBooksShouldGetTwentyFivePercentDiscount" classname="hellocucumber.UnitTests" time="0.002"/>
  <testcase name="setShouldBeOne" classname="hellocucumber.UnitTests" time="0.001"/>
  <testcase name="priceShouldBe51EurosAnd20Cents" classname="hellocucumber.UnitTests" time="0.002"/>
  <testcase name="priceOfBookSetsShouldBeThirty" classname="hellocucumber.UnitTests" time="0.001"/>
  <testcase name="priceShouldBeEight" classname="hellocucumber.UnitTests" time="0.002"/>
</testsuite>